<?xml version="1.0" encoding="UTF-8"?>
<!-- Generated by org.testng.reporters.JUnitReportReporter -->
<testsuite skipped="0" hostname="LTA1RB2HLH-MAC.bbrouter" name="testcases.TestCase3" tests="6" failures="0" timestamp="12 Feb 2021 17:26:59 GMT" time="0.074" errors="0">
  <testcase name="doLogin" time="0.013" classname="testcases.TestCase3"/>
  <testcase name="doLogin" time="0.003" classname="testcases.TestCase3"/>
  <testcase name="doLogin" time="0.005" classname="testcases.TestCase3"/>
  <testcase name="doLogin" time="0.027" classname="testcases.TestCase3"/>
  <testcase name="doLogin" time="0.022" classname="testcases.TestCase3"/>
  <testcase name="doLogin" time="0.004" classname="testcases.TestCase3"/>
</testsuite> <!-- testcases.TestCase3 -->
